<?xml version="1.0" encoding="UTF-8"?>
<!-- Generated by org.testng.reporters.JUnitReportReporter -->
<testsuite skipped="0" hostname="DESKTOP-ASB5QBL" name="testNG1.EmpRegTest" tests="4" failures="0" timestamp="14 Aug 2023 16:16:51 GMT" time="17.545" errors="0">
  <testcase name="orgEmpReg" time="4.724" classname="testNG1.EmpRegTest"/>
  <testcase name="orgEmpReg" time="4.234" classname="testNG1.EmpRegTest"/>
  <testcase name="orgEmpReg" time="4.380" classname="testNG1.EmpRegTest"/>
  <testcase name="orgEmpReg" time="4.207" classname="testNG1.EmpRegTest"/>
</testsuite> <!-- testNG1.EmpRegTest -->
