<?xml version="1.0" encoding="UTF-8"?>
<!-- Generated by org.testng.reporters.JUnitReportReporter -->
<testsuite skipped="0" hostname="DESKTOP-ASB5QBL" name="grid.GridEg" tests="3" failures="0" timestamp="18 Aug 2023 15:31:46 GMT" time="377.087" errors="0">
  <testcase name="grideg1" time="124.865" classname="grid.GridEg"/>
  <testcase name="grideg1" time="131.071" classname="grid.GridEg"/>
  <testcase name="grideg1" time="121.151" classname="grid.GridEg"/>
</testsuite> <!-- grid.GridEg -->
