<?xml version="1.0" encoding="UTF-8"?>
<!-- Generated by org.testng.reporters.JUnitReportReporter -->
<testsuite skipped="0" hostname="DESKTOP-ASB5QBL" name="testNG1.UserRegTest" tests="1" failures="0" timestamp="14 Aug 2023 16:04:55 GMT" time="24.217" errors="0">
  <testcase name="orgUserReg" time="24.217" classname="testNG1.UserRegTest"/>
</testsuite> <!-- testNG1.UserRegTest -->
