<?xml version="1.0" encoding="UTF-8"?>
<!-- Generated by org.testng.reporters.JUnitReportReporter -->
<testsuite skipped="0" hostname="DESKTOP-ASB5QBL" name="testNG.ParalellTest" tests="3" failures="0" timestamp="14 Aug 2023 16:34:43 GMT" time="125.640" errors="0">
  <testcase name="tt" time="47.542" classname="testNG.ParalellTest"/>
  <testcase name="tt" time="47.352" classname="testNG.ParalellTest"/>
  <testcase name="tt" time="30.746" classname="testNG.ParalellTest"/>
</testsuite> <!-- testNG.ParalellTest -->
