<?xml version="1.0" encoding="UTF-8"?>
<!-- Generated by org.testng.reporters.JUnitReportReporter -->
<testsuite skipped="0" hostname="DESKTOP-ASB5QBL" name="testNG1.PrimusBank_Login_TestNG" tests="1" failures="0" timestamp="12 Aug 2023 16:41:11 GMT" time="9.619" errors="0">
  <testcase name="prmLogin" time="9.619" classname="testNG1.PrimusBank_Login_TestNG"/>
</testsuite> <!-- testNG1.PrimusBank_Login_TestNG -->
